Active-HDL 13.0.375.8320 2025-10-31 22:47:45

Elaboration top modules:
VHDL Configuration            testbench_for_adder_subtracter


---------------------------------------------------------------------------------------------------------
Entity              | Architecture    | Library | Info | Compiler Version          | Compilation Options
---------------------------------------------------------------------------------------------------------
adder_subtracter_tb | TB_ARCHITECTURE | adder   |      | 13.0.375.8320 (Windows64) | -O3
Adder_Subtracter    | Behavioral      | adder   |      | 13.0.375.8320 (Windows64) | -O3
---------------------------------------------------------------------------------------------------------

---------------------------------------------------------------------------------------------------------
VHDL Configuration                    | Library | Info | Compiler Version          | Compilation Options
---------------------------------------------------------------------------------------------------------
testbench_for_adder_subtracter        | adder   |      | 13.0.375.8320 (Windows64) | -O3
---------------------------------------------------------------------------------------------------------

---------------------------------------------------------------------------------------------------------
VHDL Package                          | Library | Info | Compiler Version          | Compilation Options
---------------------------------------------------------------------------------------------------------
standard                              | std     |      |                           | <unavailable>
TEXTIO                                | std     |      | 13.0.375.8320 (Windows64) |  -2019
std_logic_1164                        | ieee    |      | 13.0.375.8320 (Windows64) |  -2008
NUMERIC_STD                           | ieee    |      | 13.0.375.8320 (Windows64) |  -2008
---------------------------------------------------------------------------------------------------------

---------------------------------------------------------------------------------------------------------
Library                               | Comment
---------------------------------------------------------------------------------------------------------
adder                                 | None
ieee                                  | Standard IEEE packages library
std                                   | Standard VHDL library
---------------------------------------------------------------------------------------------------------
